<?xml version="1.0" encoding="UTF-8"?>
<testng-results skipped="0" failed="0" ignored="0" total="1" passed="1">
  <reporter-output>
  </reporter-output>
  <suite name="Default suite" duration-ms="10682" started-at="2019-05-14T21:31:40Z" finished-at="2019-05-14T21:31:50Z">
    <groups>
    </groups>
    <test name="Default test" duration-ms="10682" started-at="2019-05-14T21:31:40Z" finished-at="2019-05-14T21:31:50Z">
      <class name="com.Demo.Demo">
        <test-method status="PASS" signature="lunchDriver()[pri:0, instance:com.Demo.Demo@5c7fa833]" name="lunchDriver" duration-ms="10661" started-at="2019-05-14T21:31:40Z" finished-at="2019-05-14T21:31:50Z">
          <reporter-output>
          </reporter-output>
        </test-method> <!-- lunchDriver -->
      </class> <!-- com.Demo.Demo -->
    </test> <!-- Default test -->
  </suite> <!-- Default suite -->
</testng-results>
